2025-09-24 09:58:26,868 - INFO - 加载了 84 个新闻源
2025-09-24 09:58:26,868 - INFO - 自动调整并发度为: 19
2025-09-24 09:58:26,879 - INFO - SmartNewsRadar v5.1.0 启动
2025-09-24 09:58:26,879 - INFO - 开始获取新闻数据...
2025-09-24 09:58:26,879 - INFO - 系统状态变更为: fetching
2025-09-24 09:58:27,524 - ERROR - 快手热搜 新闻获取失败: 状态码: 500
2025-09-24 09:58:27,617 - ERROR - 36氪 新闻获取失败: 状态码: 500
2025-09-24 09:58:27,656 - INFO - 格隆汇: 成功获取 15 条新闻
2025-09-24 09:58:27,663 - INFO - 酷安社区: 成功获取 18 条新闻
2025-09-24 09:58:27,671 - INFO - 金十数据: 成功获取 16 条新闻
2025-09-24 09:58:27,681 - INFO - 虎扑社区: 成功获取 20 条新闻
2025-09-24 09:58:27,681 - INFO - 市场新闻: 成功获取 5 条新闻
2025-09-24 09:58:27,683 - INFO - 雪球: 成功获取 30 条新闻
2025-09-24 09:58:27,688 - INFO - IT之家: 成功获取 30 条新闻
2025-09-24 09:58:27,690 - INFO - 抖音热搜: 成功获取 30 条新闻
2025-09-24 09:58:27,694 - INFO - 凤凰网: 成功获取 12 条新闻
2025-09-24 09:58:27,719 - INFO - 快牛财经: 成功获取 30 条新闻
2025-09-24 09:58:27,730 - INFO - 联合早报: 成功获取 30 条新闻
2025-09-24 09:58:27,779 - INFO - 今日头条: 成功获取 30 条新闻
2025-09-24 09:58:27,795 - INFO - 参考消息: 成功获取 30 条新闻
2025-09-24 09:58:27,795 - INFO - 澎湃新闻: 成功获取 20 条新闻
2025-09-24 09:58:27,816 - INFO - 微博热搜: 成功获取 30 条新闻
2025-09-24 09:58:27,824 - INFO - 华尔街见闻: 成功获取 10 条新闻
2025-09-24 09:58:27,850 - ERROR - 什么值得买 新闻获取失败: 状态码: 500
2025-09-24 09:58:27,883 - ERROR - Linux Do 新闻获取失败: 状态码: 500
2025-09-24 09:58:27,904 - INFO - 掘金: 成功获取 30 条新闻
2025-09-24 09:58:27,998 - ERROR - 光华喜 新闻获取失败: 状态码: 500
2025-09-24 09:58:28,028 - INFO - 少数派: 成功获取 30 条新闻
2025-09-24 09:58:28,044 - INFO - 虫部落: 成功获取 30 条新闻
2025-09-24 09:58:28,051 - INFO - V2EX: 成功获取 30 条新闻
2025-09-24 09:58:28,058 - INFO - GitHub趋势: 成功获取 18 条新闻
2025-09-24 09:58:28,063 - INFO - 远景论坛: 成功获取 20 条新闻
2025-09-24 09:58:28,065 - INFO - 牛客网: 成功获取 20 条新闻
2025-09-24 09:58:28,120 - INFO - B站热搜: 成功获取 30 条新闻
2025-09-24 09:58:28,145 - INFO - 考普网: 成功获取 30 条新闻
2025-09-24 09:58:28,227 - INFO - Solidot: 成功获取 20 条新闻
2025-09-24 09:58:28,238 - INFO - 财联社: 成功获取 20 条新闻
2025-09-24 09:58:28,239 - INFO - 知乎热榜: 成功获取 20 条新闻
2025-09-24 09:58:28,239 - INFO - 俄罗斯卫星通讯社: 成功获取 20 条新闻
2025-09-24 09:58:28,732 - INFO - Hacker News: 成功获取 30 条新闻
2025-09-24 09:58:29,912 - INFO - 百度贴吧: 成功获取 30 条新闻
2025-09-24 09:58:30,188 - INFO - 百度热搜: 成功获取 30 条新闻
2025-09-24 09:58:30,190 - INFO - 总共获取到 764 条新闻，来自 32 个源
2025-09-24 09:58:30,191 - INFO - 共获取到 764 条新闻
2025-09-24 09:58:30,206 - INFO - 开始分析关键词...
2025-09-24 09:58:30,207 - INFO - 系统状态变更为: analyzing
2025-09-24 09:58:30,208 - DEBUG - Building prefix dict from the default dictionary ...
2025-09-24 09:58:30,209 - DEBUG - Loading model from cache C:\Users\IT老菜鸟\AppData\Local\Temp\jieba.cache
2025-09-24 09:58:30,481 - DEBUG - Loading model cost 0.272 seconds.
2025-09-24 09:58:30,481 - DEBUG - Prefix dict has been built successfully.
2025-09-24 09:58:30,715 - INFO - 自动发现 50 个关键词
2025-09-24 09:58:30,715 - INFO - 开始自适应学习...
2025-09-24 09:58:30,715 - INFO - 系统状态变更为: learning
2025-09-24 09:58:30,753 - INFO - 开始生成分析报告...
2025-09-24 09:58:30,753 - INFO - 系统状态变更为: presenting
2025-09-24 09:58:30,754 - INFO - 已清空output目录
2025-09-24 09:58:30,754 - INFO - 以html格式呈现分析结果
2025-09-24 09:58:31,217 - INFO - HTML报告已保存至: d:\VSCode\SmartNewsRadar\output\smart_radar_20250924_095830.html
2025-09-24 09:58:31,217 - INFO - 以json格式呈现分析结果
2025-09-24 09:58:31,218 - INFO - JSON报告已保存至: d:\VSCode\SmartNewsRadar\output\smart_radar_20250924_095831.json
2025-09-24 09:58:31,218 - INFO - 以console格式呈现分析结果
2025-09-24 09:58:31,219 - INFO - 系统状态变更为: completed
2025-09-24 10:02:45,665 - INFO - 加载了 84 个新闻源
2025-09-24 10:02:45,666 - INFO - 自动调整并发度为: 19
2025-09-24 10:02:45,666 - INFO - SmartNewsRadar v5.1.0 启动
2025-09-24 10:02:45,667 - INFO - 开始获取新闻数据...
2025-09-24 10:02:45,667 - INFO - 系统状态变更为: fetching
2025-09-24 10:02:46,308 - ERROR - 快手热搜 新闻获取失败: 状态码: 500
2025-09-24 10:02:46,409 - ERROR - 36氪 新闻获取失败: 状态码: 500
2025-09-24 10:02:46,410 - INFO - 抖音热搜: 成功获取 30 条新闻
2025-09-24 10:02:46,420 - INFO - 联合早报: 成功获取 30 条新闻
2025-09-24 10:02:46,450 - INFO - 华尔街见闻: 成功获取 10 条新闻
2025-09-24 10:02:46,451 - INFO - 金十数据: 成功获取 16 条新闻
2025-09-24 10:02:46,459 - INFO - 微博热搜: 成功获取 30 条新闻
2025-09-24 10:02:46,460 - INFO - 澎湃新闻: 成功获取 20 条新闻
2025-09-24 10:02:46,486 - INFO - 酷安社区: 成功获取 18 条新闻
2025-09-24 10:02:46,493 - INFO - 市场新闻: 成功获取 5 条新闻
2025-09-24 10:02:46,498 - INFO - 虎扑社区: 成功获取 20 条新闻
2025-09-24 10:02:46,501 - INFO - 凤凰网: 成功获取 12 条新闻
2025-09-24 10:02:46,509 - INFO - 格隆汇: 成功获取 15 条新闻
2025-09-24 10:02:46,579 - INFO - 参考消息: 成功获取 30 条新闻
2025-09-24 10:02:46,597 - INFO - IT之家: 成功获取 30 条新闻
2025-09-24 10:02:46,616 - INFO - 百度贴吧: 成功获取 30 条新闻
2025-09-24 10:02:46,617 - INFO - 今日头条: 成功获取 30 条新闻
2025-09-24 10:02:46,617 - ERROR - 什么值得买 新闻获取失败: 状态码: 500
2025-09-24 10:02:46,645 - INFO - 快牛财经: 成功获取 30 条新闻
2025-09-24 10:02:46,662 - ERROR - Linux Do 新闻获取失败: 状态码: 500
2025-09-24 10:02:46,698 - INFO - 掘金: 成功获取 30 条新闻
2025-09-24 10:02:46,792 - INFO - 虫部落: 成功获取 30 条新闻
2025-09-24 10:02:46,828 - INFO - 远景论坛: 成功获取 20 条新闻
2025-09-24 10:02:46,829 - ERROR - 光华喜 新闻获取失败: 状态码: 500
2025-09-24 10:02:46,839 - INFO - V2EX: 成功获取 30 条新闻
2025-09-24 10:02:46,843 - INFO - 少数派: 成功获取 30 条新闻
2025-09-24 10:02:46,868 - INFO - Hacker News: 成功获取 30 条新闻
2025-09-24 10:02:46,874 - INFO - 牛客网: 成功获取 20 条新闻
2025-09-24 10:02:46,884 - INFO - 知乎热榜: 成功获取 20 条新闻
2025-09-24 10:02:46,891 - INFO - B站热搜: 成功获取 30 条新闻
2025-09-24 10:02:46,902 - INFO - 考普网: 成功获取 30 条新闻
2025-09-24 10:02:46,982 - INFO - 俄罗斯卫星通讯社: 成功获取 20 条新闻
2025-09-24 10:02:46,988 - INFO - GitHub趋势: 成功获取 18 条新闻
2025-09-24 10:02:47,037 - INFO - Solidot: 成功获取 20 条新闻
2025-09-24 10:02:47,050 - INFO - 百度热搜: 成功获取 30 条新闻
2025-09-24 10:02:47,064 - INFO - 财联社: 成功获取 20 条新闻
2025-09-24 10:02:48,459 - INFO - 雪球: 成功获取 30 条新闻
2025-09-24 10:02:48,461 - INFO - 总共获取到 764 条新闻，来自 32 个源
2025-09-24 10:02:48,462 - INFO - 共获取到 764 条新闻
2025-09-24 10:02:48,462 - INFO - 开始分析关键词...
2025-09-24 10:02:48,462 - INFO - 系统状态变更为: analyzing
2025-09-24 10:02:48,463 - DEBUG - Building prefix dict from the default dictionary ...
2025-09-24 10:02:48,464 - DEBUG - Loading model from cache C:\Users\IT老菜鸟\AppData\Local\Temp\jieba.cache
2025-09-24 10:02:48,737 - DEBUG - Loading model cost 0.273 seconds.
2025-09-24 10:02:48,737 - DEBUG - Prefix dict has been built successfully.
2025-09-24 10:02:48,971 - INFO - 自动发现 50 个关键词
2025-09-24 10:02:48,971 - INFO - 开始自适应学习...
2025-09-24 10:02:48,971 - INFO - 系统状态变更为: learning
2025-09-24 10:02:49,006 - INFO - 开始生成分析报告...
2025-09-24 10:02:49,006 - INFO - 系统状态变更为: presenting
2025-09-24 10:02:49,007 - INFO - 已清空output目录
2025-09-24 10:02:49,007 - INFO - 以html格式呈现分析结果
2025-09-24 10:02:49,402 - INFO - HTML报告已保存至: d:\VSCode\SmartNewsRadar\output\smart_radar_20250924_100249.html
2025-09-24 10:02:49,402 - INFO - 以json格式呈现分析结果
2025-09-24 10:02:49,403 - INFO - JSON报告已保存至: d:\VSCode\SmartNewsRadar\output\smart_radar_20250924_100249.json
2025-09-24 10:02:49,403 - INFO - 以console格式呈现分析结果
2025-09-24 10:02:49,404 - INFO - 系统状态变更为: completed
2025-09-24 10:12:39,558 - INFO - 加载了 84 个新闻源
2025-09-24 10:12:39,558 - INFO - 自动调整并发度为: 19
2025-09-24 10:12:39,559 - INFO - SmartNewsRadar v5.1.0 启动
2025-09-24 10:12:39,559 - INFO - 开始获取新闻数据...
2025-09-24 10:12:39,559 - INFO - 系统状态变更为: fetching
2025-09-24 10:12:40,197 - ERROR - 快手热搜 新闻获取失败: 状态码: 500
2025-09-24 10:12:40,283 - ERROR - 36氪 新闻获取失败: 状态码: 500
2025-09-24 10:12:40,382 - INFO - 格隆汇: 成功获取 15 条新闻
2025-09-24 10:12:40,383 - INFO - 金十数据: 成功获取 18 条新闻
2025-09-24 10:12:40,405 - INFO - 凤凰网: 成功获取 12 条新闻
2025-09-24 10:12:40,406 - INFO - 抖音热搜: 成功获取 30 条新闻
2025-09-24 10:12:40,411 - INFO - 酷安社区: 成功获取 18 条新闻
2025-09-24 10:12:40,413 - INFO - 雪球: 成功获取 30 条新闻
2025-09-24 10:12:40,413 - INFO - 澎湃新闻: 成功获取 20 条新闻
2025-09-24 10:12:40,417 - INFO - 联合早报: 成功获取 30 条新闻
2025-09-24 10:12:40,460 - INFO - 虎扑社区: 成功获取 30 条新闻
2025-09-24 10:12:40,461 - INFO - 市场新闻: 成功获取 5 条新闻
2025-09-24 10:12:40,485 - INFO - IT之家: 成功获取 30 条新闻
2025-09-24 10:12:40,502 - INFO - 快牛财经: 成功获取 30 条新闻
2025-09-24 10:12:40,528 - INFO - 今日头条: 成功获取 30 条新闻
2025-09-24 10:12:40,536 - INFO - 微博热搜: 成功获取 30 条新闻
2025-09-24 10:12:40,555 - INFO - 参考消息: 成功获取 30 条新闻
2025-09-24 10:12:40,569 - INFO - 百度贴吧: 成功获取 30 条新闻
2025-09-24 10:12:40,574 - ERROR - 什么值得买 新闻获取失败: 状态码: 500
2025-09-24 10:12:40,610 - ERROR - Linux Do 新闻获取失败: 状态码: 500
2025-09-24 10:12:40,650 - INFO - 掘金: 成功获取 30 条新闻
2025-09-24 10:12:40,729 - ERROR - 光华喜 新闻获取失败: 状态码: 500
2025-09-24 10:12:40,766 - INFO - 少数派: 成功获取 30 条新闻
2025-09-24 10:12:40,781 - INFO - 虫部落: 成功获取 30 条新闻
2025-09-24 10:12:40,819 - INFO - GitHub趋势: 成功获取 18 条新闻
2025-09-24 10:12:40,821 - INFO - 远景论坛: 成功获取 20 条新闻
2025-09-24 10:12:40,825 - INFO - V2EX: 成功获取 30 条新闻
2025-09-24 10:12:40,828 - INFO - 知乎热榜: 成功获取 20 条新闻
2025-09-24 10:12:40,843 - INFO - Hacker News: 成功获取 30 条新闻
2025-09-24 10:12:40,869 - INFO - 牛客网: 成功获取 20 条新闻
2025-09-24 10:12:40,902 - INFO - 考普网: 成功获取 30 条新闻
2025-09-24 10:12:40,923 - INFO - B站热搜: 成功获取 30 条新闻
2025-09-24 10:12:40,989 - INFO - 财联社: 成功获取 20 条新闻
2025-09-24 10:12:40,995 - INFO - Solidot: 成功获取 20 条新闻
2025-09-24 10:12:41,009 - INFO - 百度热搜: 成功获取 30 条新闻
2025-09-24 10:12:41,014 - INFO - 俄罗斯卫星通讯社: 成功获取 20 条新闻
2025-09-24 10:12:41,263 - INFO - 华尔街见闻: 成功获取 10 条新闻
2025-09-24 10:12:41,569 - INFO - 总共获取到 776 条新闻，来自 32 个源
2025-09-24 10:12:41,571 - INFO - 共获取到 776 条新闻
2025-09-24 10:12:41,571 - INFO - 开始分析关键词...
2025-09-24 10:12:41,571 - INFO - 系统状态变更为: analyzing
2025-09-24 10:12:41,572 - DEBUG - Building prefix dict from the default dictionary ...
2025-09-24 10:12:41,573 - DEBUG - Loading model from cache C:\Users\IT老菜鸟\AppData\Local\Temp\jieba.cache
2025-09-24 10:12:41,849 - DEBUG - Loading model cost 0.277 seconds.
2025-09-24 10:12:41,849 - DEBUG - Prefix dict has been built successfully.
2025-09-24 10:12:42,085 - INFO - 自动发现 50 个关键词
2025-09-24 10:12:42,085 - INFO - 开始自适应学习...
2025-09-24 10:12:42,085 - INFO - 系统状态变更为: learning
2025-09-24 10:12:42,120 - INFO - 开始生成分析报告...
2025-09-24 10:12:42,120 - INFO - 系统状态变更为: presenting
2025-09-24 10:12:42,121 - INFO - 已清空output目录
2025-09-24 10:12:42,121 - INFO - 以html格式呈现分析结果
2025-09-24 10:12:42,515 - INFO - HTML报告已保存至: d:\VSCode\SmartNewsRadar\output\smart_radar_20250924_101242.html
2025-09-24 10:12:42,517 - INFO - 以json格式呈现分析结果
2025-09-24 10:12:42,518 - INFO - JSON报告已保存至: d:\VSCode\SmartNewsRadar\output\smart_radar_20250924_101242.json
2025-09-24 10:12:42,518 - INFO - 以console格式呈现分析结果
2025-09-24 10:12:42,518 - INFO - 系统状态变更为: completed
